<?xml version="1.0" encoding="UTF-8"?>
<testng-results total="1" passed="1" failed="0" skipped="0">
  <reporter-output>
  </reporter-output>
  <suite started-at="2025-03-21T15:07:18Z" name="Default Suite" finished-at="2025-03-21T15:07:27Z" duration-ms="8588">
    <groups>
    </groups>
    <test started-at="2025-03-21T15:07:18Z" name="Selenium-Java" finished-at="2025-03-21T15:07:27Z" duration-ms="8588">
      <class name="org.example.FirstTestCase">
        <test-method is-config="true" signature="setup()[pri:0, instance:org.example.FirstTestCase@54a7079e]" started-at="2025-03-21T20:37:18Z" name="setup" finished-at="2025-03-21T20:37:26Z" duration-ms="8136" status="PASS">
          <reporter-output>
          </reporter-output>
        </test-method> <!-- setup -->
        <test-method signature="verifyTitle()[pri:0, instance:org.example.FirstTestCase@54a7079e]" started-at="2025-03-21T20:37:26Z" name="verifyTitle" finished-at="2025-03-21T20:37:26Z" duration-ms="27" status="PASS">
          <reporter-output>
          </reporter-output>
        </test-method> <!-- verifyTitle -->
        <test-method is-config="true" signature="teardown()[pri:0, instance:org.example.FirstTestCase@54a7079e]" started-at="2025-03-21T20:37:26Z" name="teardown" finished-at="2025-03-21T20:37:27Z" duration-ms="391" status="PASS">
          <reporter-output>
          </reporter-output>
        </test-method> <!-- teardown -->
      </class> <!-- org.example.FirstTestCase -->
    </test> <!-- Selenium-Java -->
  </suite> <!-- Default Suite -->
</testng-results>
